[www.gaissecurity.com/urunlerimiz/vulpmp.html]
[backblue.gif]
[fade.gif]
[index.html]
[cdn.prod.website-files.com/633b3a6a2bf424673a065986/css/gais-security.webflow.974b3e55a.min.css]
[cdn.prod.website-files.com/633b3a6a2bf424673a065986/63f61dbc87f5f4859b0b4b82_Favicon32x32.png]
[cdn.prod.website-files.com/633b3a6a2bf424673a065986/63f61dc32dead46b548de7e8_Favicon256x256.png]
[cdn.prod.website-files.com/633b3a6a2bf424673a065986/6342087c6a3b911d126b4c87_gais-seamless.png]
[www.gaissecurity.com/urunlerimiz/peyk.html]
[www.gaissecurity.com/urunlerimiz/aima.html]
[cdn.prod.website-files.com/633b3a6a2bf424673a065986/63d15ec487bf02455903fe84_logo-vulpmp.png]
[www.gaissecurity.com/urunlerimiz/msp.html]
[cdn.prod.website-files.com/633b3a6a2bf424673a065986/633c91f1c1d9b658fc52a061_tsgk.png]
[cdn.prod.website-files.com/633b3a6a2bf424673a065986/633c925d0e444c35c49c6cf1_tse.png]
[cdn.prod.website-files.com/633b3a6a2bf424673a065986/633c929e71f38a41d98af7cf_ceh.png]
[cdn.prod.website-files.com/633b3a6a2bf424673a065986/633c92b6e792de017bdd42c8_cert.png]
[cdn.prod.website-files.com/633b3a6a2bf424673a065986/633c92c7ac523e087ccc907b_iso9001_big.png]
[cdn.prod.website-files.com/633b3a6a2bf424673a065986/633c92ef13a7e77b895941e7_tse-hyb.png]
[cdn.prod.website-files.com/633b3a6a2bf424673a065986/633c92d8e86ec40154351c5d_iso_27001_big.png]
[cdn.prod.website-files.com/633b3a6a2bf424673a065986/63f8caed99e96fa89bad0e59_ISO.png]
[cdn.prod.website-files.com/633b3a6a2bf424673a065986/63f8caedaa18fc2573aababf_ISO2.png]
[d3e54v103j8qbb.cloudfront.net/js/jquery-3.5.1.min.dc5e7f18c85564.js]
[www.gaissecurity.com/urunlerimiz/vulpmp.html]
[cdn.prod.website-files.com/633b3a6a2bf424673a065986/css/gais-security.webflow.974b3e55a.min.css]
[www.googletagmanager.com/gtm5445.html]
[cdn.prod.website-files.com/633b3a6a2bf424673a065986/js/webflow.967724fa4.js]
[cdn.prod.website-files.com/633b3a6a2bf424673a065986/65eeb76a68c2a22e23269996_fraud-logo.png]
[www.gaissecurity.com/urunlerimiz/peyk.html]
[www.gaissecurity.com/urunlerimiz/aima.html]
[cdn.prod.website-files.com/633b3a6a2bf424673a065986/63dd158435fc8835d6f39c03_MspScreen.png]
[cdn.prod.website-files.com/633b3a6a2bf424673a065986/63dd1584a1b6d85493982e34_MspMonster.png]
[www.gaissecurity.com/urunlerimiz/msp.html]
